make.exe all --print-data-base --no-builtin-variables --no-builtin-rules --question
# GNU Make 3.81
# Copyright (C) 2006  Free Software Foundation, Inc.
# This is free software; see the source for copying conditions.
# There is NO warranty; not even for MERCHANTABILITY or FITNESS FOR A
# PARTICULAR PURPOSE.

# This program built for i386-pc-mingw32
 

# Make data base, printed on Fri Jul 29 13:05:33 2022

# Variables

# automatic
<D = $(patsubst %/,%,$(dir $<))
# automatic
?F = $(notdir $?)
# environment
ELECTRON_NO_ATTACH_CONSOLE = 1
# makefile (from `makefile', line 5)
OBJ = ./bin/main.o
# makefile
MAKEFLAGS = Rrqp
# automatic
?D = $(patsubst %/,%,$(dir $?))
# automatic
@D = $(patsubst %/,%,$(dir $@))
# environment
HOMEDRIVE = C:
# automatic
@F = $(notdir $@)
# automatic
^D = $(patsubst %/,%,$(dir $^))
# makefile
CURDIR := c:/Users/kelvin/source/c/AutoClicker
# default
SHELL := sh.exe
# environment
WINDIR = C:\Windows
# environment
VSCODE_NLS_CONFIG = {"locale":"en-us","availableLanguages":{},"_languagePackSupport":true}
# environment
ONEDRIVE = C:\Users\kelvin\OneDrive
# environment
PATHEXT = .COM;.EXE;.BAT;.CMD;.VBS;.VBE;.JS;.JSE;.WSF;.WSH;.MSC
# makefile (from `makefile', line 1)
MAKEFILE_LIST :=  makefile
# environment
TMP = C:\Users\kelvin\AppData\Local\Temp
# environment
PROGRAMW6432 = C:\Program Files
# environment
PROGRAMDATA = C:\ProgramData
# environment
VSCODE_CWD = C:\Users\kelvin\source\c\AutoClicker
# environment
PATH = C:\Windows\system32;C:\Windows;C:\Windows\System32\Wbem;C:\Windows\System32\WindowsPowerShell\v1.0\;C:\Windows\System32\OpenSSH\;C:\Program Files\nodejs\;C:\Program Files (x86)\NVIDIA Corporation\PhysX\Common;C:\Program Files\NVIDIA Corporation\NVIDIA NvDLISR;C:\mingw64\bin;C:\Program Files (x86)\GnuWin32\bin;C:\Users\kelvin\AppData\Local\Microsoft\WindowsApps;;C:\Users\kelvin\AppData\Local\Programs\Microsoft VS Code\bin
# makefile (from `makefile', line 2)
CF = -o2 -mwin32 -std=c99
# environment
COMMONPROGRAMW6432 = C:\Program Files\Common Files
# makefile (from `makefile', line 10)
INCLUDE_DIR = Include
# environment
PROCESSOR_ARCHITECTURE = x86
# environment
USERPROFILE = C:\Users\kelvin
# environment
ALLUSERSPROFILE = C:\ProgramData
# environment
NUMBER_OF_PROCESSORS = 16
# environment
ELECTRON_RUN_AS_NODE = 1
# default
.FEATURES := target-specific order-only second-expansion else-if archives
# makefile (from `makefile', line 8)
OUT_DEBUG = ./bin/debug.exe
# automatic
%F = $(notdir $%)
# environment
CHROME_CRASHPAD_PIPE_NAME = \\.\pipe\crashpad_10200_XAJQZYNAFAMDKPLH
# makefile (from `makefile', line 12)
META_SRC = metadata/meta.rc
# environment
COMPUTERNAME = TERRA
# makefile (from `makefile', line 4)
FIL = ./src/main.c
# environment
PROGRAMFILES = C:\Program Files (x86)
# environment
USERDNSDOMAIN = HANSENFAM.LOCAL
# environment
DRIVERDATA = C:\Windows\System32\Drivers\DriverData
# environment
ORIGINAL_XDG_CURRENT_DESKTOP = undefined
# environment
USERNAME = kelvin
# environment
PUBLIC = C:\Users\Public
# environment
VSCODE_AMD_ENTRYPOINT = vs/workbench/api/node/extensionHostProcess
# environment
VSCODE_CLI = 1
# environment
VSCODE_CODE_CACHE_PATH = C:\Users\kelvin\AppData\Roaming\Code\CachedData\3b889b090b5ad5793f524b5d1d39fda662b96a2a
# environment
APPLICATION_INSIGHTS_NO_DIAGNOSTIC_CHANNEL = true
# environment
COMMONPROGRAMFILES = C:\Program Files (x86)\Common Files
# environment
LOGONSERVER = \\MORTIMER
# makefile (from `makefile', line 13)
META_OUT = bin/metadata.res
# environment
VSCODE_HANDLES_UNCAUGHT_ERRORS = true
# environment
USERDOMAIN = HANSENFAM
# environment
MAKE = C:\Program Files (x86)\GnuWin32\bin\make.exe
# default
MAKECMDGOALS := all
# makefile (from `makefile', line 1)
CC = gcc
# default
MAKE_VERSION := 3.81
# makefile
.DEFAULT_GOAL := all
# environment
PROGRAMFILES(X86) = C:\Program Files (x86)
# automatic
%D = $(patsubst %/,%,$(dir $%))
# environment
LOCALAPPDATA = C:\Users\kelvin\AppData\Local
# environment
PSMODULEPATH = C:\Program Files\WindowsPowerShell\Modules;C:\Windows\system32\WindowsPowerShell\v1.0\Modules
# default
MAKE_COMMAND := make.exe
# environment
PROCESSOR_ARCHITEW6432 = AMD64
# default
.VARIABLES := 
# automatic
*F = $(notdir $*)
# environment
PROCESSOR_IDENTIFIER = AMD64 Family 25 Model 80 Stepping 0, AuthenticAMD
# environment
OS = Windows_NT
# environment
VSCODE_IPC_HOOK = \\.\pipe\ee724c5a17d6f9eb258989c776823c61-1.69.2-main-sock
# environment
HOMEPATH = \Users\kelvin
# environment
COMMONPROGRAMFILES(X86) = C:\Program Files (x86)\Common Files
# environment
PROMPT = $P$G
# environment
MFLAGS = -Rrqp
# automatic
*D = $(patsubst %/,%,$(dir $*))
# environment
SYSTEMROOT = C:\Windows
# automatic
+D = $(patsubst %/,%,$(dir $+))
# automatic
+F = $(notdir $+)
# environment
APPDATA = C:\Users\kelvin\AppData\Roaming
# environment
TEMP = C:\Users\kelvin\AppData\Local\Temp
# environment
COMSPEC = C:\Windows\system32\cmd.exe
# default
MAKEFILES := 
# automatic
<F = $(notdir $<)
# environment
LC_ALL = C
# makefile (from `makefile', line 7)
OUT = ./bin/XtremeAutoClicker.exe
# automatic
^F = $(notdir $^)
# default
SUFFIXES := 
# environment
SYSTEMDRIVE = C:
# environment
SESSIONNAME = Console
# environment
PROCESSOR_REVISION = 5000
# environment
MAKELEVEL := 0
# environment
LANG = C
# environment
PROCESSOR_LEVEL = 25
# environment
VSCODE_PID = 10200
# environment
USERDOMAIN_ROAMINGPROFILE = HANSENFAM
# variable set hash-table stats:
# Load=93/1024=9%, Rehash=0, Collisions=12/117=10%

# Pattern-specific Variable Values

# No pattern-specific variable values.

# Directories

# : could not be stat'd.
# C:\Windows\System32\WindowsPowerShell\v1.0\ (key C:/Windows/System32/WindowsPowerShell/v1.0/, mtime 1633528696): 30 files, no impossibilities.
# C:\Windows\System32\Wbem (key C:/Windows/System32/Wbem, mtime 1659087104): 169 files, no impossibilities.
# . (key c:/Users/kelvin/source/c/AutoClicker, mtime 1659117250): 14 files, no impossibilities.
# C:\Program Files (x86)\NVIDIA Corporation\PhysX\Common (key C:/Program Files (x86)/NVIDIA Corporation/PhysX/Common, mtime 1659112780): 10 files, no impossibilities.
# C:\Program Files\nodejs\ (key C:/Program Files/nodejs/, mtime 1659071228): 13 files, no impossibilities.
# C:\Users\kelvin\AppData\Local\Programs\Microsoft VS Code\bin (key C:/Users/kelvin/AppData/Local/Programs/Microsoft VS Code/bin, mtime 1658346158): 4 files, no impossibilities.
# C:\Windows\System32\OpenSSH\: could not be stat'd.
# C:\mingw64\bin (key C:/mingw64/bin, mtime 1526110174): 58 files, no impossibilities.
# C:\Windows (key C:/Windows, mtime 1659112785): 120 files, no impossibilities.
# C:\Users\kelvin\AppData\Local\Microsoft\WindowsApps (key C:/Users/kelvin/AppData/Local/Microsoft/WindowsApps, mtime 1659105578): 10 files, no impossibilities.
# C:\Windows\system32 (key C:/Windows/system32, mtime 1659113041): 2851 files, no impossibilities.
# C:\Program Files\NVIDIA Corporation\NVIDIA NvDLISR (key C:/Program Files/NVIDIA Corporation/NVIDIA NvDLISR, mtime 1659112791): 5 files, no impossibilities.
# C:\Program Files (x86)\GnuWin32\bin (key C:/Program Files (x86)/GnuWin32/bin, mtime 1659116553): 5 files, no impossibilities.

# 3289 files, no impossibilities in 14 directories.

# Implicit Rules

# No implicit rules.

# Files

all:
#  Command-line target.
#  Implicit rule search has not been done.
#  Implicit/static pattern stem: `'
#  File does not exist.
#  File has been updated.
#  Needs to be updated (-q is set).
# automatic
# @ := all
# automatic
# % := 
# automatic
# * := 
# automatic
# + := 
# automatic
# | := 
# automatic
# < := 
# automatic
# ^ := 
# automatic
# ? := 
# variable set hash-table stats:
# Load=8/32=25%, Rehash=0, Collisions=1/10=10%
#  commands to execute (from `makefile', line 21):
	make build clean
	

# Not a target:
.DEFAULT:
#  Implicit rule search has not been done.
#  Modification time never checked.
#  File has not been updated.

debug:
#  Implicit rule search has not been done.
#  Modification time never checked.
#  File has not been updated.
#  commands to execute (from `makefile', line 25):
	${CC} -g ${FIL} -I ${INCLUDE_DIR} -c -o ${OBJ}
	${CC} -g ${CF} ${OBJ} -I ${INCLUDE_DIR} -o ${OUT_DEBUG}
	

# Not a target:
makefile:
#  Implicit rule search has been done.
#  Last modified 2022-07-18 20:17:26
#  File has been updated.
#  Successfully updated.
# variable set hash-table stats:
# Load=0/32=0%, Rehash=0, Collisions=0/0=0%

build:
#  Implicit rule search has not been done.
#  Modification time never checked.
#  File has not been updated.
#  commands to execute (from `makefile', line 29):
	windres ${META_SRC} -O coff -o ${META_OUT}
	${CC} ${FIL} -I ${INCLUDE_DIR} -c -o ${OBJ}
	${CC} ${CF} ${OBJ} -I ${INCLUDE_DIR} -o ${OUT} ${META_OUT}
	

# Not a target:
.SUFFIXES:
#  Implicit rule search has not been done.
#  Modification time never checked.
#  File has not been updated.

run:
#  Implicit rule search has not been done.
#  Modification time never checked.
#  File has not been updated.
#  commands to execute (from `makefile', line 38):
	${OUT}
	

clean:
#  Implicit rule search has not been done.
#  Modification time never checked.
#  File has not been updated.
#  commands to execute (from `makefile', line 34):
	del bin\*.o
	del bin\*.res
	

# files hash-table stats:
# Load=8/1024=1%, Rehash=0, Collisions=0/21=0%
# VPATH Search Paths

# No `vpath' search paths.

# No general (`VPATH' variable) search path.

# # of strings in strcache: 1
# # of strcache buffers: 1
# strcache size: total = 4096 / max = 4096 / min = 4096 / avg = 4096
# strcache free: total = 4087 / max = 4087 / min = 4087 / avg = 4087

# Finished Make data base on Fri Jul 29 13:05:33 2022

 
